<?xml version="1.0" encoding="UTF-8"?>
<testsuite xmlns:xsi="http://www.w3.org/2001/XMLSchema-instance" xsi:noNamespaceSchemaLocation="https://maven.apache.org/surefire/maven-surefire-plugin/xsd/surefire-test-report-3.0.xsd" version="3.0" name="com.vha.sb.service.AppointmentServiceTest" time="5.024" tests="2" errors="0" skipped="0" failures="0">
  <properties>
[...]
</properties>
  <testcase name="testGetLast10Appointments_CacheReliability" classname="com.vha.sb.service.AppointmentServiceTest" time="4.014">
    <system-out><![CDATA[2025-05-27T16:11:15.800Z  INFO 13074 --- [           main] ca.uhn.fhir.context.FhirContext          : Creating new FHIR context for FHIR version [R4]
]]></system-out>
  </testcase>
  <testcase name="testGetLast10Appointments_Performance" classname="com.vha.sb.service.AppointmentServiceTest" time="0.996">
    <system-out><![CDATA[2025-05-27T16:11:19.810Z  INFO 13074 --- [           main] ca.uhn.fhir.context.FhirContext          : Creating new FHIR context for FHIR version [R4]
]]></system-out>
  </testcase>
</testsuite>